<?xml version="1.0" encoding="UTF-8"?>
<!-- Generated by org.testng.reporters.JUnitXMLReporter -->
<testsuite hostname="Karthick" name="run package1" tests="24" failures="1" timestamp="29 Aug 2020 05:53:08 GMT" time="28.207" errors="0">
  <testcase name="b_m1" time="3.668" classname="com.testng.basics.AnnotatinSample">
    <failure type="java.lang.AssertionError" message="expected [Category name is already exist. please entesdsdr new category name] but found [Category name is already exist. please enter new category name]">
      <![CDATA[java.lang.AssertionError: expected [Category name is already exist. please entesdsdr new category name] but found [Category name is already exist. please enter new category name]
	at com.testng.basics.AnnotatinSample.b_m1(AnnotatinSample.java:83)
	at java.util.concurrent.FutureTask.run(FutureTask.java:266)
	at java.util.concurrent.ThreadPoolExecutor.runWorker(ThreadPoolExecutor.java:1142)
	at java.util.concurrent.ThreadPoolExecutor$Worker.run(ThreadPoolExecutor.java:617)
	at java.lang.Thread.run(Thread.java:745)
... Removed 22 stack frames]]>
    </failure>
  </testcase> <!-- b_m1 -->
  <testcase name="b_m1" time="0.64" classname="com.testng.basics.XlsSample"/>
  <testcase name="b_m1" time="0.413" classname="com.testng.basics.XlsSample"/>
  <testcase name="b_m1" time="0.461" classname="com.testng.basics.XlsSample"/>
  <testcase name="b_m1" time="0.412" classname="com.testng.basics.XlsSample"/>
  <testcase name="b_m1" time="0.425" classname="com.testng.basics.XlsSample"/>
  <testcase name="b_m1" time="0.41" classname="com.testng.basics.XlsSample"/>
  <testcase name="b_m1" time="0.413" classname="com.testng.basics.XlsSample"/>
  <testcase name="b_m1" time="0.39" classname="com.testng.basics.XlsSample"/>
  <testcase name="b_m1" time="0.396" classname="com.testng.basics.XlsSample"/>
  <testcase name="b_m1" time="0.4" classname="com.testng.basics.XlsSample"/>
  <testcase name="b_m1" time="0.552" classname="com.testng.basics.XlsSample"/>
  <testcase name="b_m1" time="0.405" classname="com.testng.basics.XlsSample"/>
  <testcase name="b_m1" time="0.403" classname="com.testng.basics.XlsSample"/>
  <testcase name="b_m1" time="0.404" classname="com.testng.basics.XlsSample"/>
  <testcase name="b_m1" time="0.417" classname="com.testng.basics.XlsSample"/>
  <testcase name="b_m1" time="0.0" classname="com.testng.basics.XmlSample">
    <skipped/>
  </testcase> <!-- b_m1 -->
  <testcase name="c_m3" time="0.0" classname="com.testng.basics.AnnotatinSample"/>
  <testcase name="c_m1" time="0.001" classname="com.testng.basics.AnnotatinSample2"/>
  <testcase name="c_m3" time="0.0" classname="com.testng.basics.AnnotatinSample2"/>
  <testcase name="m4" time="0.0" classname="com.testng.basics.AnnotatinSample"/>
  <testcase name="m2" time="0.0" classname="com.testng.basics.AnnotatinSample2"/>
  <testcase name="m4" time="0.002" classname="com.testng.basics.AnnotatinSample2"/>
  <testcase name="a_m2" time="0.618" classname="com.testng.basics.AnnotatinSample"/>
</testsuite> <!-- run package1 -->
