<?xml version="1.0" encoding="UTF-8"?>
<testsuite name="TestSuite" time="23.676" tests="70" errors="0" skipped="2" failures="8">
  <properties>
[...]
</properties>
  <testcase name="b_m1" classname="com.testng.basics.AnnotatinSample" time="4.093">
    <failure message="expected [Category name is already exist. please entesdsdr new category name] but found [Category name is already exist. please enter new category name]" type="java.lang.AssertionError">java.lang.AssertionError: expected [Category name is already exist. please entesdsdr new category name] but found [Category name is already exist. please enter new category name]
	at org.testng.Assert.fail(Assert.java:94)
	at org.testng.Assert.failNotEquals(Assert.java:513)
	at org.testng.Assert.assertEqualsImpl(Assert.java:135)
	at org.testng.Assert.assertEquals(Assert.java:116)
	at org.testng.Assert.assertEquals(Assert.java:190)
	at org.testng.Assert.assertEquals(Assert.java:200)
	at com.testng.basics.AnnotatinSample.b_m1(AnnotatinSample.java:83)
</failure>
    <system-out><![CDATA[[TestNGContentHandler] [WARN] It is strongly recommended to add "<!DOCTYPE suite SYSTEM "http://testng.org/testng-1.0.dtd" >" at the top of your file, otherwise TestNG may fail or not work as expected.
b_m1 test case started
The name of the testcase failed is :b_m1
]]></system-out>
    <system-err>Starting ChromeDriver 84.0.4147.30 (48b3e868b4cc0aa7e8149519690b6f6949e110a8-refs/branch-heads/4147@{#310}) on port 26898
Only local connections are allowed.
Please see https://chromedriver.chromium.org/security-considerations for suggestions on keeping ChromeDriver safe.
Starting ChromeDriver 84.0.4147.30 (48b3e868b4cc0aa7e8149519690b6f6949e110a8-refs/branch-heads/4147@{#310}) on port 14029
Only local connections are allowed.
Please see https://chromedriver.chromium.org/security-considerations for suggestions on keeping ChromeDriver safe.
ChromeDriver was started successfulCly.hromeDriver was started su
ccessfully.
[1598680338.442][WARNING]: This version of ChromeDriver has not been tested with Chrome version 85.
[1598680338.533][WARNING]: This version of ChromeDriver has not been tested with Chrome version 85.
Aug 29, 2020 11:22:19 AM org.openqa.selenium.remote.ProtocolHandshake createSession
INFO: Detected dialect: W3C
Aug 29, 2020 11:22:19 AM org.openqa.selenium.remote.ProtocolHandshake createSession
INFO: Detected dialect: W3C
Starting ChromeDriver 84.0.4147.30 (48b3e868b4cc0aa7e8149519690b6f6949e110a8-refs/branch-heads/4147@{#310}) on port 11042
Only local connections are allowed.
Please see https://chromedriver.chromium.org/security-considerations for suggestions on keeping ChromeDriver safe.
ChromeDriver was started successfully.
[1598680341.601][WARNING]: This version of ChromeDriver has not been tested with Chrome version 85.
Aug 29, 2020 11:22:22 AM org.openqa.selenium.remote.ProtocolHandshake createSession
INFO: Detected dialect: W3C
</system-err>
  </testcase>
  <testcase name="c_m3" classname="com.testng.basics.AnnotatinSample" time="0.014"/>
  <testcase name="c_m1" classname="com.testng.basics.AnnotatinSample2" time="0"/>
  <testcase name="c_m3" classname="com.testng.basics.AnnotatinSample2" time="0"/>
  <testcase name="m4" classname="com.testng.basics.AnnotatinSample" time="0"/>
  <testcase name="m2" classname="com.testng.basics.AnnotatinSample2" time="0.002"/>
  <testcase name="m4" classname="com.testng.basics.AnnotatinSample2" time="0"/>
  <testcase name="a_m2" classname="com.testng.basics.AnnotatinSample" time="0.453"/>
  <testcase name="c_m3" classname="com.testng.basics.AnnotatinSample" time="0"/>
  <testcase name="c_m3" classname="com.testng.basics.AnnotatinSample" time="0.011">
    <failure type="java.lang.NullPointerException:">java.lang.NullPointerException: null
	at com.testng.basics.AnnotatinSample.c_m3(AnnotatinSample.java:111)
</failure>
    <system-out>c_m3 test case started
The name of the testcase failed is :c_m3
</system-out>
  </testcase>
  <testcase name="m4" classname="com.testng.basics.AnnotatinSample" time="0.001">
    <failure type="java.lang.NullPointerException:">java.lang.NullPointerException: null
	at com.testng.basics.AnnotatinSample.m4(AnnotatinSample.java:119)
</failure>
    <system-out>m4 test case started
The name of the testcase failed is :m4
</system-out>
  </testcase>
  <testcase name="b_m1" classname="com.testng.basics.AnnotatinSample" time="1.542">
    <failure message="expected [Category name is already exist. please entesdsdr new category name] but found [Category name is already exist. please enter new category name]" type="java.lang.AssertionError">java.lang.AssertionError: expected [Category name is already exist. please entesdsdr new category name] but found [Category name is already exist. please enter new category name]
	at org.testng.Assert.fail(Assert.java:94)
	at org.testng.Assert.failNotEquals(Assert.java:513)
	at org.testng.Assert.assertEqualsImpl(Assert.java:135)
	at org.testng.Assert.assertEquals(Assert.java:116)
	at org.testng.Assert.assertEquals(Assert.java:190)
	at org.testng.Assert.assertEquals(Assert.java:200)
	at com.testng.basics.AnnotatinSample.b_m1(AnnotatinSample.java:83)
</failure>
    <system-out>The name of the testcase failed is :b_m1
</system-out>
    <system-err>Starting ChromeDriver 84.0.4147.30 (48b3e868b4cc0aa7e8149519690b6f6949e110a8-refs/branch-heads/4147@{#310}) on port 7052
Only local connections are allowed.
Please see https://chromedriver.chromium.org/security-considerations for suggestions on keeping ChromeDriver safe.
ChromeDriver was started successfully.
[1598680352.317][WARNING]: This version of ChromeDriver has not been tested with Chrome version 85.
</system-err>
  </testcase>
  <testcase name="b_m1" classname="com.testng.basics.XlsSample" time="0.774"/>
  <testcase name="b_m1" classname="com.testng.basics.XlsSample" time="0.59"/>
  <testcase name="b_m1" classname="com.testng.basics.XlsSample" time="0.589"/>
  <testcase name="b_m1" classname="com.testng.basics.XlsSample" time="0.708"/>
  <testcase name="b_m1" classname="com.testng.basics.XlsSample" time="0.845"/>
  <testcase name="b_m1" classname="com.testng.basics.XlsSample" time="0.639"/>
  <testcase name="b_m1" classname="com.testng.basics.AnnotatinSample" time="0.072">
    <failure message="expected [Category name is already exist. please entesdsdr new category name] but found [Category name is already exist. please enter new category name]" type="java.lang.AssertionError">java.lang.AssertionError: expected [Category name is already exist. please entesdsdr new category name] but found [Category name is already exist. please enter new category name]
	at org.testng.Assert.fail(Assert.java:94)
	at org.testng.Assert.failNotEquals(Assert.java:513)
	at org.testng.Assert.assertEqualsImpl(Assert.java:135)
	at org.testng.Assert.assertEquals(Assert.java:116)
	at org.testng.Assert.assertEquals(Assert.java:190)
	at org.testng.Assert.assertEquals(Assert.java:200)
	at com.testng.basics.AnnotatinSample.b_m1(AnnotatinSample.java:83)
</failure>
    <system-out>b_m1 test case started
The name of the testcase failed is :b_m1
</system-out>
  </testcase>
  <testcase name="c_m3" classname="com.testng.basics.AnnotatinSample" time="0"/>
  <testcase name="c_m1" classname="com.testng.basics.AnnotatinSample2" time="0"/>
  <testcase name="c_m3" classname="com.testng.basics.AnnotatinSample2" time="0.001"/>
  <testcase name="m4" classname="com.testng.basics.AnnotatinSample" time="0"/>
  <testcase name="m2" classname="com.testng.basics.AnnotatinSample2" time="0"/>
  <testcase name="m4" classname="com.testng.basics.AnnotatinSample2" time="0"/>
  <testcase name="a_m2" classname="com.testng.basics.AnnotatinSample" time="0.417"/>
  <testcase name="b_m1" classname="com.testng.basics.XlsSample" time="0.526"/>
  <testcase name="b_m1" classname="com.testng.basics.XlsSample" time="0.484"/>
  <testcase name="b_m1" classname="com.testng.basics.XlsSample" time="0.448"/>
  <testcase name="b_m1" classname="com.testng.basics.XlsSample" time="0.496"/>
  <testcase name="b_m1" classname="com.testng.basics.XlsSample" time="0.829"/>
  <testcase name="b_m1" classname="com.testng.basics.XlsSample" time="0.427"/>
  <testcase name="b_m1" classname="com.testng.basics.XlsSample" time="0.424"/>
  <testcase name="b_m1" classname="com.testng.basics.XlsSample" time="0.452"/>
  <testcase name="b_m1" classname="com.testng.basics.XlsSample" time="0.515"/>
  <testcase name="b_m1" classname="com.testng.basics.XmlSample" time="0">
    <skipped/>
    <system-out>The name of the testcase Skipped is :b_m1
</system-out>
  </testcase>
  <testcase name="c_m3" classname="com.testng.basics.AnnotatinSample" time="0"/>
  <testcase name="c_m1" classname="com.testng.basics.AnnotatinSample2" time="0"/>
  <testcase name="c_m3" classname="com.testng.basics.AnnotatinSample2" time="0"/>
  <testcase name="m4" classname="com.testng.basics.AnnotatinSample" time="0.001"/>
  <testcase name="m2" classname="com.testng.basics.AnnotatinSample2" time="0"/>
  <testcase name="m4" classname="com.testng.basics.AnnotatinSample2" time="0"/>
  <testcase name="a_m2" classname="com.testng.basics.AnnotatinSample" time="0.87"/>
  <testcase name="c_m3" classname="com.testng.basics.AnnotatinSample" time="0"/>
  <testcase name="c_m3" classname="com.testng.basics.AnnotatinSample" time="0.002">
    <failure type="java.lang.NullPointerException:">java.lang.NullPointerException: null
	at com.testng.basics.AnnotatinSample.c_m3(AnnotatinSample.java:111)
</failure>
    <system-out>b_m1 test case started
c_m3 test case started
The name of the testcase failed is :c_m3
</system-out>
  </testcase>
  <testcase name="m4" classname="com.testng.basics.AnnotatinSample" time="0.002">
    <failure type="java.lang.NullPointerException:">java.lang.NullPointerException: null
	at com.testng.basics.AnnotatinSample.m4(AnnotatinSample.java:119)
</failure>
    <system-out>m4 test case started
The name of the testcase failed is :m4
</system-out>
  </testcase>
  <testcase name="b_m1" classname="com.testng.basics.AnnotatinSample" time="0.286">
    <failure message="expected [Category name is already exist. please entesdsdr new category name] but found [Category name is already exist. please enter new category name]" type="java.lang.AssertionError">java.lang.AssertionError: expected [Category name is already exist. please entesdsdr new category name] but found [Category name is already exist. please enter new category name]
	at org.testng.Assert.fail(Assert.java:94)
	at org.testng.Assert.failNotEquals(Assert.java:513)
	at org.testng.Assert.assertEqualsImpl(Assert.java:135)
	at org.testng.Assert.assertEquals(Assert.java:116)
	at org.testng.Assert.assertEquals(Assert.java:190)
	at org.testng.Assert.assertEquals(Assert.java:200)
	at com.testng.basics.AnnotatinSample.b_m1(AnnotatinSample.java:83)
</failure>
    <system-out>The name of the testcase failed is :b_m1
</system-out>
  </testcase>
  <testcase name="b_m1" classname="com.testng.basics.XlsSample" time="0.64"/>
  <testcase name="b_m1" classname="com.testng.basics.XlsSample" time="0.414"/>
  <testcase name="b_m1" classname="com.testng.basics.XlsSample" time="0.461"/>
  <testcase name="b_m1" classname="com.testng.basics.XlsSample" time="0.412"/>
  <testcase name="b_m1" classname="com.testng.basics.XlsSample" time="0.426"/>
  <testcase name="b_m1" classname="com.testng.basics.XlsSample" time="0.41"/>
  <testcase name="b_m1" classname="com.testng.basics.XlsSample" time="0.412"/>
  <testcase name="b_m1" classname="com.testng.basics.XlsSample" time="0.391"/>
  <testcase name="b_m1" classname="com.testng.basics.XlsSample" time="0.396"/>
  <testcase name="b_m1" classname="com.testng.basics.XlsSample" time="0.4"/>
  <testcase name="b_m1" classname="com.testng.basics.XlsSample" time="0.551"/>
  <testcase name="b_m1" classname="com.testng.basics.XlsSample" time="0.404"/>
  <testcase name="b_m1" classname="com.testng.basics.XlsSample" time="0.404"/>
  <testcase name="b_m1" classname="com.testng.basics.XlsSample" time="0.404"/>
  <testcase name="b_m1" classname="com.testng.basics.XlsSample" time="0.422"/>
  <testcase name="b_m1" classname="com.testng.basics.XmlSample" time="0">
    <skipped/>
    <system-out>The name of the testcase Skipped is :b_m1
</system-out>
  </testcase>
  <testcase name="c_m3" classname="com.testng.basics.AnnotatinSample" time="0"/>
  <testcase name="c_m1" classname="com.testng.basics.AnnotatinSample2" time="0"/>
  <testcase name="c_m3" classname="com.testng.basics.AnnotatinSample2" time="0"/>
  <testcase name="m4" classname="com.testng.basics.AnnotatinSample" time="0"/>
  <testcase name="m2" classname="com.testng.basics.AnnotatinSample2" time="0"/>
  <testcase name="m4" classname="com.testng.basics.AnnotatinSample2" time="0"/>
  <testcase name="a_m2" classname="com.testng.basics.AnnotatinSample" time="0.616"/>
</testsuite>